<?xml version="1.0" encoding="UTF-8"?>
<!-- Generated by org.testng.reporters.JUnitReportReporter -->
<testsuite hostname="LAPTOP-V5MFM8DQ" failures="0" tests="1" name="chain.UpdateEmployee2" time="13.443" errors="0" timestamp="2023-01-14T00:07:56 IST" skipped="0">
  <testcase classname="chain.UpdateEmployee2" name="sendPutRequest" time="13.443"/>
  <system-out/>
</testsuite> <!-- chain.UpdateEmployee2 -->
