<?xml version="1.0" encoding="UTF-8"?>
<!-- Generated by org.testng.reporters.JUnitReportReporter -->
<testsuite hostname="LAPTOP-V5MFM8DQ" failures="0" tests="1" name="chain.DeleteEmployee" time="1.197" errors="0" timestamp="2023-01-14T11:03:19 IST" skipped="0">
  <testcase classname="chain.DeleteEmployee" name="sendDeleteRequest" time="1.197"/>
  <system-out/>
</testsuite> <!-- chain.DeleteEmployee -->
