<?xml version="1.0" encoding="UTF-8"?>
<!-- Generated by org.testng.reporters.JUnitReportReporter -->
<testsuite hostname="LAPTOP-V5MFM8DQ" failures="0" tests="1" name="chain.CreateNewRecord" time="15.437" errors="0" timestamp="2023-01-14T11:03:19 IST" skipped="0">
  <testcase classname="chain.CreateNewRecord" name="sendPostRequest" time="15.437"/>
  <system-out/>
</testsuite> <!-- chain.CreateNewRecord -->
