<?xml version="1.0" encoding="UTF-8"?>
<!-- Generated by org.testng.reporters.JUnitReportReporter -->
<testsuite hostname="LAPTOP-V5MFM8DQ" failures="0" tests="3" name="cucumber.runner.RunCukes2" time="17.546" errors="0" timestamp="2023-01-13T16:28:41 IST" skipped="0">
  <testcase classname="cucumber.runner.RunCukes2" name="runScenario" time="0.735"/>
  <system-out/>
  <testcase classname="cucumber.runner.RunCukes2" name="runScenario" time="1.001"/>
  <system-out/>
  <testcase classname="cucumber.runner.RunCukes2" name="runScenario" time="15.810"/>
  <system-out/>
</testsuite> <!-- cucumber.runner.RunCukes2 -->
