<?xml version="1.0" encoding="UTF-8"?>
<!-- Generated by org.testng.reporters.JUnitReportReporter -->
<testsuite hostname="LAPTOP-V5MFM8DQ" failures="0" tests="1" name="CaseStudy.CreateNewRecord" time="4.847" errors="0" timestamp="2023-01-13T16:12:00 IST" skipped="0">
  <testcase classname="CaseStudy.CreateNewRecord" name="sendPostRequest" time="4.847"/>
  <system-out/>
</testsuite> <!-- CaseStudy.CreateNewRecord -->
