<?xml version="1.0" encoding="UTF-8"?>
<!-- Generated by org.testng.reporters.JUnitReportReporter -->
<testsuite hostname="LAPTOP-V5MFM8DQ" failures="0" tests="1" name="chain.GetEmployee2" time="14.554" errors="0" timestamp="2023-01-14T10:55:24 IST" skipped="0">
  <testcase classname="chain.GetEmployee2" name="sendGetRequest" time="14.554"/>
  <system-out/>
</testsuite> <!-- chain.GetEmployee2 -->
