<?xml version="1.0" encoding="UTF-8"?>
<!-- Generated by org.testng.reporters.JUnitReportReporter -->
<testsuite hostname="LAPTOP-V5MFM8DQ" failures="0" tests="1" name="CaseStudy.CreateNewJIRA" time="15.365" errors="0" timestamp="2023-01-13T15:55:28 IST" skipped="0">
  <testcase classname="CaseStudy.CreateNewJIRA" name="sendPostRequest" time="15.365"/>
  <system-out/>
</testsuite> <!-- CaseStudy.CreateNewJIRA -->
